<?xml version="1.0" encoding="UTF-8"?>
<!-- Generated by org.testng.reporters.JUnitReportReporter -->
<testsuite hostname="LAPTOP-10JDF0GP" failures="0" tests="1" name="testCases.PolicyCreation" time="63.973" errors="0" timestamp="2023-06-13T12:53:12 IST" skipped="0">
  <testcase classname="testCases.PolicyCreation" name="policyCreationCase" time="63.973"/>
  <system-out/>
</testsuite> <!-- testCases.PolicyCreation -->
