<?xml version="1.0" encoding="UTF-8"?>
<!-- Generated by org.testng.reporters.JUnitReportReporter -->
<testsuite hostname="LAPTOP-10JDF0GP" failures="0" tests="2" name="TestCases.LoginPageTest" time="32.693" errors="0" timestamp="2023-06-08T17:31:15 IST" skipped="0">
  <testcase classname="TestCases.LoginPageTest" name="invalidLogin" time="17.201"/>
  <system-out/>
  <testcase classname="TestCases.LoginPageTest" name="validLogin" time="15.492"/>
  <system-out/>
</testsuite> <!-- TestCases.LoginPageTest -->
