<?xml version="1.0" encoding="UTF-8"?>
<!-- Generated by org.testng.reporters.JUnitReportReporter -->
<testsuite hostname="LAPTOP-10JDF0GP" failures="0" tests="1" name="testCases.GWPolicyFlatCancelTestCase" time="18.934" errors="0" timestamp="2023-06-13T12:54:53 IST" skipped="0">
  <testcase classname="testCases.GWPolicyFlatCancelTestCase" name="validLogin" time="18.934"/>
  <system-out/>
</testsuite> <!-- testCases.GWPolicyFlatCancelTestCase -->
